\BOOKMARK [1][-]{section.1}{\376\377\000I\000I\000.\000\040\000D\000E\000S\000C\000R\000I\000P\000C\000I\000\323\000N\000\040\000D\000E\000L\000\040\000P\000R\000O\000B\000L\000E\000M\000A}{}% 1
\BOOKMARK [2][-]{subsection.1.1}{\376\377\000\277\000C\000u\000\341\000l\000\040\000e\000s\000\040\000e\000l\000\040\000p\000r\000o\000b\000l\000e\000m\000a\000?}{section.1}% 2
\BOOKMARK [2][-]{subsection.1.2}{\376\377\000\277\000Q\000u\000i\000\351\000n\000e\000s\000\040\000s\000o\000n\000\040\000l\000o\000s\000\040\000a\000f\000e\000c\000t\000a\000d\000o\000s\000?}{section.1}% 3
\BOOKMARK [2][-]{subsection.1.3}{\376\377\000E\000v\000i\000d\000e\000n\000c\000i\000a\000s\000\040\000o\000b\000t\000e\000n\000i\000d\000a\000s\000\040\000d\000u\000r\000a\000n\000t\000e\000\040\000l\000a\000\040\000v\000a\000l\000i\000d\000a\000c\000i\000\363\000n}{section.1}% 4
\BOOKMARK [1][-]{section.2}{\376\377\000I\000I\000I\000.\000\040\000D\000E\000S\000C\000R\000I\000P\000C\000I\000\323\000N\000\040\000D\000E\000L\000\040\000M\000V\000P}{}% 5
\BOOKMARK [2][-]{subsection.2.1}{\376\377\000N\000o\000m\000b\000r\000e\000\040\000d\000e\000l\000\040\000M\000V\000P}{section.2}% 6
\BOOKMARK [2][-]{subsection.2.2}{\376\377\000O\000b\000j\000e\000t\000i\000v\000o}{section.2}% 7
\BOOKMARK [2][-]{subsection.2.3}{\376\377\000F\000u\000n\000c\000i\000o\000n\000a\000l\000i\000d\000a\000d\000e\000s\000\040\000m\000\355\000n\000i\000m\000a\000s\000\040\000i\000m\000p\000l\000e\000m\000e\000n\000t\000a\000d\000a\000s}{section.2}% 8
\BOOKMARK [2][-]{subsection.2.4}{\376\377\000A\000l\000c\000a\000n\000c\000e\000\040\000d\000e\000l\000\040\000M\000V\000P}{section.2}% 9
\BOOKMARK [2][-]{subsection.2.5}{\376\377\000E\000v\000i\000d\000e\000n\000c\000i\000a\000s\000\040\000G\000r\000\341\000f\000i\000c\000a\000s\000\040\000d\000e\000l\000\040\000M\000V\000P}{section.2}% 10
\BOOKMARK [1][-]{section.3}{\376\377\000I\000V\000.\000\040\000E\000A\000R\000L\000Y\000\040\000A\000D\000O\000P\000T\000E\000R\000S}{}% 11
\BOOKMARK [1][-]{section.4}{\376\377\000V\000.\000\040\000V\000A\000L\000I\000D\000A\000C\000I\000\323\000N\000\040\000D\000E\000L\000\040\000M\000V\000P}{}% 12
\BOOKMARK [2][-]{subsection.4.1}{\376\377\000M\000e\000t\000o\000d\000o\000l\000o\000g\000\355\000a}{section.4}% 13
\BOOKMARK [2][-]{subsection.4.2}{\376\377\000R\000e\000s\000u\000l\000t\000a\000d\000o\000s}{section.4}% 14
\BOOKMARK [2][-]{subsection.4.3}{\376\377\000E\000v\000i\000d\000e\000n\000c\000i\000a\000s\000\040\000d\000e\000\040\000V\000a\000l\000i\000d\000a\000c\000i\000\363\000n}{section.4}% 15
\BOOKMARK [1][-]{section.5}{\376\377\000V\000I\000.\000\040\000R\000E\000T\000R\000O\000A\000L\000I\000M\000E\000N\000T\000A\000C\000I\000\323\000N\000\040\000Y\000\040\000M\000E\000J\000O\000R\000A\000S}{}% 16
\BOOKMARK [1][-]{section.6}{\376\377\000V\000I\000I\000.\000\040\000C\000O\000N\000C\000L\000U\000S\000I\000O\000N\000E\000S}{}% 17
\BOOKMARK [1][-]{section.7}{\376\377\000V\000I\000I\000I\000.\000\040\000A\000N\000E\000X\000O\000S}{}% 18
\BOOKMARK [2][-]{subsection.7.1}{\376\377\000A\000n\000e\000x\000o\000\040\000A\000:\000\040\000E\000v\000i\000d\000e\000n\000c\000i\000a\000s\000\040\000G\000r\000\341\000f\000i\000c\000a\000s\000\040\000d\000e\000l\000\040\000M\000V\000P}{section.7}% 19
\BOOKMARK [2][-]{subsection.7.2}{\376\377\000A\000n\000e\000x\000o\000\040\000B\000:\000\040\000E\000n\000l\000a\000c\000e\000s\000\040\000d\000e\000\040\000A\000c\000c\000e\000s\000o\000\040\000y\000\040\000R\000e\000c\000u\000r\000s\000o\000s\000\040\000d\000e\000l\000\040\000P\000r\000o\000y\000e\000c\000t\000o}{section.7}% 20
